<?xml version="1.0" encoding="UTF-8"?>
<!-- Generated by org.testng.reporters.JUnitReportReporter -->
<testsuite skipped="0" hostname="DESKTOP-PCG3QI7" name="com.Automation.TestScripts.RegresstionTestCases" tests="1" failures="0" timestamp="04 Nov 2018 04:42:42 GMT" time="8.096" errors="0">
  <testcase name="AppLaunch" time="8.096" classname="com.Automation.TestScripts.RegresstionTestCases"/>
</testsuite> <!-- com.Automation.TestScripts.RegresstionTestCases -->
